<?xml version="1.0" encoding="UTF-8"?>
<testng-results ignored="0" total="1" passed="1" failed="0" skipped="0">
  <reporter-output>
  </reporter-output>
  <suite started-at="2022-09-16T06:48:33Z" name="Default suite" finished-at="2022-09-16T06:48:38Z" duration-ms="4895">
    <groups>
    </groups>
    <test started-at="2022-09-16T06:48:33Z" name="Default test" finished-at="2022-09-16T06:48:38Z" duration-ms="4895">
      <class name="RESTAPIGETPOST.PostREquestPractice">
        <test-method signature="addUser()[pri:0, instance:RESTAPIGETPOST.PostREquestPractice@282cb7c7]" started-at="2022-09-16T06:48:33Z" name="addUser" finished-at="2022-09-16T06:48:38Z" duration-ms="4844" status="PASS">
          <reporter-output>
          </reporter-output>
        </test-method> <!-- addUser -->
      </class> <!-- RESTAPIGETPOST.PostREquestPractice -->
    </test> <!-- Default test -->
  </suite> <!-- Default suite -->
</testng-results>
